0 info it worked if it ends with ok
1 verbose cli [ '/usr/local/bin/node',
1 verbose cli   '/usr/local/bin/npm',
1 verbose cli   'install',
1 verbose cli   'angular-modal-service' ]
2 info using npm@3.10.8
3 info using node@v6.9.1
4 silly loadCurrentTree Starting
5 silly install loadCurrentTree
6 silly install readLocalPackageData
7 silly fetchPackageMetaData angular-modal-service
8 silly fetchNamedPackageData angular-modal-service
9 silly mapToRegistry name angular-modal-service
10 silly mapToRegistry using default registry
11 silly mapToRegistry registry https://registry.npmjs.org/
12 silly mapToRegistry data Result {
12 silly mapToRegistry   raw: 'angular-modal-service',
12 silly mapToRegistry   scope: null,
12 silly mapToRegistry   escapedName: 'angular-modal-service',
12 silly mapToRegistry   name: 'angular-modal-service',
12 silly mapToRegistry   rawSpec: '',
12 silly mapToRegistry   spec: 'latest',
12 silly mapToRegistry   type: 'tag' }
13 silly mapToRegistry uri https://registry.npmjs.org/angular-modal-service
14 verbose request uri https://registry.npmjs.org/angular-modal-service
15 verbose request no auth needed
16 info attempt registry request try #1 at 11:50:31 AM
17 verbose request id eb1489d21a29ba79
18 http request GET https://registry.npmjs.org/angular-modal-service
19 http 200 https://registry.npmjs.org/angular-modal-service
20 verbose headers { server: 'nginx/1.10.1',
20 verbose headers   'content-type': 'application/json',
20 verbose headers   'last-modified': 'Wed, 15 Jun 2016 02:29:32 GMT',
20 verbose headers   etag: 'W/"5760bd8c-7c77"',
20 verbose headers   'content-encoding': 'gzip',
20 verbose headers   'cache-control': 'max-age=300',
20 verbose headers   'content-length': '6852',
20 verbose headers   'accept-ranges': 'bytes',
20 verbose headers   date: 'Thu, 15 Dec 2016 18:50:31 GMT',
20 verbose headers   via: '1.1 varnish',
20 verbose headers   age: '0',
20 verbose headers   connection: 'keep-alive',
20 verbose headers   'x-served-by': 'cache-den6023-DEN',
20 verbose headers   'x-cache': 'MISS',
20 verbose headers   'x-cache-hits': '0',
20 verbose headers   'x-timer': 'S1481827831.553857,VS0,VE52',
20 verbose headers   vary: 'Accept-Encoding' }
21 silly get cb [ 200,
21 silly get   { server: 'nginx/1.10.1',
21 silly get     'content-type': 'application/json',
21 silly get     'last-modified': 'Wed, 15 Jun 2016 02:29:32 GMT',
21 silly get     etag: 'W/"5760bd8c-7c77"',
21 silly get     'content-encoding': 'gzip',
21 silly get     'cache-control': 'max-age=300',
21 silly get     'content-length': '6852',
21 silly get     'accept-ranges': 'bytes',
21 silly get     date: 'Thu, 15 Dec 2016 18:50:31 GMT',
21 silly get     via: '1.1 varnish',
21 silly get     age: '0',
21 silly get     connection: 'keep-alive',
21 silly get     'x-served-by': 'cache-den6023-DEN',
21 silly get     'x-cache': 'MISS',
21 silly get     'x-cache-hits': '0',
21 silly get     'x-timer': 'S1481827831.553857,VS0,VE52',
21 silly get     vary: 'Accept-Encoding' } ]
22 verbose get saving angular-modal-service to /Users/Christopher/.npm/registry.npmjs.org/angular-modal-service/.cache.json
23 verbose correctMkdir /Users/Christopher/.npm correctMkdir not in flight; initializing
24 silly install normalizeTree
25 silly loadCurrentTree Finishing
26 silly loadIdealTree Starting
27 silly install loadIdealTree
28 silly cloneCurrentTree Starting
29 silly install cloneCurrentTreeToIdealTree
30 silly cloneCurrentTree Finishing
31 silly loadShrinkwrap Starting
32 silly install loadShrinkwrap
33 silly loadShrinkwrap Finishing
34 silly loadAllDepsIntoIdealTree Starting
35 silly install loadAllDepsIntoIdealTree
36 silly resolveWithNewModule angular-modal-service@0.10.1 checking installable status
37 silly cache add args [ 'angular-modal-service', null ]
38 verbose cache add spec angular-modal-service
39 silly cache add parsed spec Result {
39 silly cache add   raw: 'angular-modal-service',
39 silly cache add   scope: null,
39 silly cache add   escapedName: 'angular-modal-service',
39 silly cache add   name: 'angular-modal-service',
39 silly cache add   rawSpec: '',
39 silly cache add   spec: 'latest',
39 silly cache add   type: 'tag' }
40 silly addNamed angular-modal-service@latest
41 verbose addNamed "latest" is being treated as a dist-tag for angular-modal-service
42 info addNameTag [ 'angular-modal-service', 'latest' ]
43 silly mapToRegistry name angular-modal-service
44 silly mapToRegistry using default registry
45 silly mapToRegistry registry https://registry.npmjs.org/
46 silly mapToRegistry data Result {
46 silly mapToRegistry   raw: 'angular-modal-service',
46 silly mapToRegistry   scope: null,
46 silly mapToRegistry   escapedName: 'angular-modal-service',
46 silly mapToRegistry   name: 'angular-modal-service',
46 silly mapToRegistry   rawSpec: '',
46 silly mapToRegistry   spec: 'latest',
46 silly mapToRegistry   type: 'tag' }
47 silly mapToRegistry uri https://registry.npmjs.org/angular-modal-service
48 verbose addNameTag registry:https://registry.npmjs.org/angular-modal-service not in flight; fetching
49 verbose get https://registry.npmjs.org/angular-modal-service not expired, no request
50 silly addNameTag next cb for angular-modal-service with tag latest
51 silly addNamed angular-modal-service@0.10.1
52 verbose addNamed "0.10.1" is a plain semver version for angular-modal-service
53 silly mapToRegistry name angular-modal-service
54 silly mapToRegistry using default registry
55 silly mapToRegistry registry https://registry.npmjs.org/
56 silly mapToRegistry data Result {
56 silly mapToRegistry   raw: 'angular-modal-service',
56 silly mapToRegistry   scope: null,
56 silly mapToRegistry   escapedName: 'angular-modal-service',
56 silly mapToRegistry   name: 'angular-modal-service',
56 silly mapToRegistry   rawSpec: '',
56 silly mapToRegistry   spec: 'latest',
56 silly mapToRegistry   type: 'tag' }
57 silly mapToRegistry uri https://registry.npmjs.org/angular-modal-service
58 verbose addRemoteTarball https://registry.npmjs.org/angular-modal-service/-/angular-modal-service-0.10.1.tgz not in flight; adding
59 verbose addRemoteTarball [ 'https://registry.npmjs.org/angular-modal-service/-/angular-modal-service-0.10.1.tgz',
59 verbose addRemoteTarball   '46953f56449e4f02ac80a2a41da85811a51c845f' ]
60 info retry fetch attempt 1 at 11:50:31 AM
61 info attempt registry request try #1 at 11:50:31 AM
62 http fetch GET https://registry.npmjs.org/angular-modal-service/-/angular-modal-service-0.10.1.tgz
63 http fetch 200 https://registry.npmjs.org/angular-modal-service/-/angular-modal-service-0.10.1.tgz
64 silly fetchAndShaCheck shasum 46953f56449e4f02ac80a2a41da85811a51c845f
65 verbose addTmpTarball /var/folders/sj/1fjn0mgj3ys0tnbf4z4gf6g80000gn/T/npm-80134-5f226895/registry.npmjs.org/angular-modal-service/-/angular-modal-service-0.10.1.tgz not in flight; adding
66 verbose addTmpTarball already have metadata; skipping unpack for angular-modal-service@0.10.1
67 verbose correctMkdir /Users/Christopher/.npm correctMkdir not in flight; initializing
68 silly cache afterAdd angular-modal-service@0.10.1
69 verbose afterAdd /Users/Christopher/.npm/angular-modal-service/0.10.1/package/package.json not in flight; writing
70 verbose correctMkdir /Users/Christopher/.npm correctMkdir not in flight; initializing
71 verbose afterAdd /Users/Christopher/.npm/angular-modal-service/0.10.1/package/package.json written
72 silly loadAllDepsIntoIdealTree Finishing
73 silly loadIdealTree Finishing
74 silly currentTree speakingincode@1.0.0
74 silly currentTree ├── accepts@1.3.3
74 silly currentTree ├── array-flatten@1.1.1
74 silly currentTree ├── async@2.1.2
74 silly currentTree ├── bluebird@2.10.2
74 silly currentTree ├── body-parser@1.15.2
74 silly currentTree ├── bson@0.5.7
74 silly currentTree ├── buffer-shims@1.0.0
74 silly currentTree ├── bytes@2.4.0
74 silly currentTree ├── content-disposition@0.5.1
74 silly currentTree ├── content-type@1.0.2
74 silly currentTree ├── cookie-signature@1.0.6
74 silly currentTree ├── cookie@0.3.1
74 silly currentTree ├── core-util-is@1.0.2
74 silly currentTree ├── debug@2.2.0
74 silly currentTree ├── depd@1.1.0
74 silly currentTree ├── destroy@1.0.4
74 silly currentTree ├── ee-first@1.1.1
74 silly currentTree ├── encodeurl@1.0.1
74 silly currentTree ├── es6-promise@3.2.1
74 silly currentTree ├── escape-html@1.0.3
74 silly currentTree ├── etag@1.7.0
74 silly currentTree ├── express@4.14.0
74 silly currentTree ├── finalhandler@0.5.0
74 silly currentTree ├── forwarded@0.1.0
74 silly currentTree ├── fresh@0.3.0
74 silly currentTree ├── hooks-fixed@1.2.0
74 silly currentTree ├── http-errors@1.5.1
74 silly currentTree ├── iconv-lite@0.4.13
74 silly currentTree ├── inherits@2.0.3
74 silly currentTree ├── ipaddr.js@1.1.1
74 silly currentTree ├── isarray@1.0.0
74 silly currentTree ├── kareem@1.1.3
74 silly currentTree ├── lodash@4.17.2
74 silly currentTree ├── media-typer@0.3.0
74 silly currentTree ├── merge-descriptors@1.0.1
74 silly currentTree ├── methods@1.1.2
74 silly currentTree ├── mime-db@1.25.0
74 silly currentTree ├── mime-types@2.1.13
74 silly currentTree ├── mime@1.3.4
74 silly currentTree ├── mongodb-core@2.0.13
74 silly currentTree ├── mongodb@2.2.11
74 silly currentTree ├── mongoose@4.7.1
74 silly currentTree ├── mpath@0.2.1
74 silly currentTree ├── mpromise@0.5.5
74 silly currentTree ├─┬ mquery@2.0.0
74 silly currentTree │ └── sliced@0.0.5
74 silly currentTree ├── ms@0.7.1
74 silly currentTree ├── muri@1.1.1
74 silly currentTree ├── negotiator@0.6.1
74 silly currentTree ├── on-finished@2.3.0
74 silly currentTree ├── parseurl@1.3.1
74 silly currentTree ├── path-to-regexp@0.1.7
74 silly currentTree ├── process-nextick-args@1.0.7
74 silly currentTree ├── proxy-addr@1.1.2
74 silly currentTree ├── qs@6.2.0
74 silly currentTree ├── range-parser@1.2.0
74 silly currentTree ├── raw-body@2.1.7
74 silly currentTree ├── readable-stream@2.1.5
74 silly currentTree ├── regexp-clone@0.0.1
74 silly currentTree ├── require_optional@1.0.0
74 silly currentTree ├── resolve-from@2.0.0
74 silly currentTree ├── semver@5.3.0
74 silly currentTree ├── send@0.14.1
74 silly currentTree ├── serve-static@1.11.1
74 silly currentTree ├── setprototypeof@1.0.2
74 silly currentTree ├── sliced@1.0.1
74 silly currentTree ├── statuses@1.3.1
74 silly currentTree ├── string_decoder@0.10.31
74 silly currentTree ├── type-is@1.6.14
74 silly currentTree ├── unpipe@1.0.0
74 silly currentTree ├── util-deprecate@1.0.2
74 silly currentTree ├── utils-merge@1.0.0
74 silly currentTree └── vary@1.1.0
75 silly idealTree speakingincode@1.0.0
75 silly idealTree ├── accepts@1.3.3
75 silly idealTree ├── angular-modal-service@0.10.1
75 silly idealTree ├── array-flatten@1.1.1
75 silly idealTree ├── async@2.1.2
75 silly idealTree ├── bluebird@2.10.2
75 silly idealTree ├── body-parser@1.15.2
75 silly idealTree ├── bson@0.5.7
75 silly idealTree ├── buffer-shims@1.0.0
75 silly idealTree ├── bytes@2.4.0
75 silly idealTree ├── content-disposition@0.5.1
75 silly idealTree ├── content-type@1.0.2
75 silly idealTree ├── cookie-signature@1.0.6
75 silly idealTree ├── cookie@0.3.1
75 silly idealTree ├── core-util-is@1.0.2
75 silly idealTree ├── debug@2.2.0
75 silly idealTree ├── depd@1.1.0
75 silly idealTree ├── destroy@1.0.4
75 silly idealTree ├── ee-first@1.1.1
75 silly idealTree ├── encodeurl@1.0.1
75 silly idealTree ├── es6-promise@3.2.1
75 silly idealTree ├── escape-html@1.0.3
75 silly idealTree ├── etag@1.7.0
75 silly idealTree ├── express@4.14.0
75 silly idealTree ├── finalhandler@0.5.0
75 silly idealTree ├── forwarded@0.1.0
75 silly idealTree ├── fresh@0.3.0
75 silly idealTree ├── hooks-fixed@1.2.0
75 silly idealTree ├── http-errors@1.5.1
75 silly idealTree ├── iconv-lite@0.4.13
75 silly idealTree ├── inherits@2.0.3
75 silly idealTree ├── ipaddr.js@1.1.1
75 silly idealTree ├── isarray@1.0.0
75 silly idealTree ├── kareem@1.1.3
75 silly idealTree ├── lodash@4.17.2
75 silly idealTree ├── media-typer@0.3.0
75 silly idealTree ├── merge-descriptors@1.0.1
75 silly idealTree ├── methods@1.1.2
75 silly idealTree ├── mime-db@1.25.0
75 silly idealTree ├── mime-types@2.1.13
75 silly idealTree ├── mime@1.3.4
75 silly idealTree ├── mongodb-core@2.0.13
75 silly idealTree ├── mongodb@2.2.11
75 silly idealTree ├── mongoose@4.7.1
75 silly idealTree ├── mpath@0.2.1
75 silly idealTree ├── mpromise@0.5.5
75 silly idealTree ├─┬ mquery@2.0.0
75 silly idealTree │ └── sliced@0.0.5
75 silly idealTree ├── ms@0.7.1
75 silly idealTree ├── muri@1.1.1
75 silly idealTree ├── negotiator@0.6.1
75 silly idealTree ├── on-finished@2.3.0
75 silly idealTree ├── parseurl@1.3.1
75 silly idealTree ├── path-to-regexp@0.1.7
75 silly idealTree ├── process-nextick-args@1.0.7
75 silly idealTree ├── proxy-addr@1.1.2
75 silly idealTree ├── qs@6.2.0
75 silly idealTree ├── range-parser@1.2.0
75 silly idealTree ├── raw-body@2.1.7
75 silly idealTree ├── readable-stream@2.1.5
75 silly idealTree ├── regexp-clone@0.0.1
75 silly idealTree ├── require_optional@1.0.0
75 silly idealTree ├── resolve-from@2.0.0
75 silly idealTree ├── semver@5.3.0
75 silly idealTree ├── send@0.14.1
75 silly idealTree ├── serve-static@1.11.1
75 silly idealTree ├── setprototypeof@1.0.2
75 silly idealTree ├── sliced@1.0.1
75 silly idealTree ├── statuses@1.3.1
75 silly idealTree ├── string_decoder@0.10.31
75 silly idealTree ├── type-is@1.6.14
75 silly idealTree ├── unpipe@1.0.0
75 silly idealTree ├── util-deprecate@1.0.2
75 silly idealTree ├── utils-merge@1.0.0
75 silly idealTree └── vary@1.1.0
76 silly generateActionsToTake Starting
77 silly install generateActionsToTake
78 warn checkPermissions Missing write access to /Users/Christopher/Code/final/node_modules
79 silly rollbackFailedOptional Starting
80 silly rollbackFailedOptional Finishing
81 silly runTopLevelLifecycles Finishing
82 silly install printInstalled
83 verbose stack Error: EACCES: permission denied, access '/Users/Christopher/Code/final/node_modules'
83 verbose stack     at Error (native)
84 verbose cwd /Users/Christopher/Code/final/public
85 error Darwin 15.6.0
86 error argv "/usr/local/bin/node" "/usr/local/bin/npm" "install" "angular-modal-service"
87 error node v6.9.1
88 error npm  v3.10.8
89 error path /Users/Christopher/Code/final/node_modules
90 error code EACCES
91 error errno -13
92 error syscall access
93 error Error: EACCES: permission denied, access '/Users/Christopher/Code/final/node_modules'
93 error     at Error (native)
93 error  { Error: EACCES: permission denied, access '/Users/Christopher/Code/final/node_modules'
93 error     at Error (native)
93 error   errno: -13,
93 error   code: 'EACCES',
93 error   syscall: 'access',
93 error   path: '/Users/Christopher/Code/final/node_modules' }
94 error Please try running this command again as root/Administrator.
95 verbose exit [ -13, true ]
